gvr-android-sdk/ndk-beta/demos/treasurehunt/app/build/outputs/logs/manifest-merger-arm7-debug-report.txt
-- Merging decision tree log ---
manifest
ADDED from src/main/AndroidManifest.xml:2:1-62:12
	package
		ADDED from src/main/AndroidManifest.xml:3:5-53
		INJECTED from src/main/AndroidManifest.xml
		INJECTED from src/main/AndroidManifest.xml
	android:versionName
		ADDED from src/main/AndroidManifest.xml:5:5-30
		INJECTED from src/main/AndroidManifest.xml
		INJECTED from src/main/AndroidManifest.xml
	android:versionCode
		ADDED from src/main/AndroidManifest.xml:4:5-28
		INJECTED from src/main/AndroidManifest.xml
		INJECTED from src/main/AndroidManifest.xml
	xmlns:android
		ADDED from src/main/AndroidManifest.xml:2:11-69
uses-sdk
ADDED from src/main/AndroidManifest.xml:8:3-72
MERGED from [com.android.support:appcompat-v7:24.0.0] AndroidManifest.xml:21:5-23:78
MERGED from [com.android.support:support-v4:24.0.0] AndroidManifest.xml:21:5-23:54
MERGED from [com.android.support:support-vector-drawable:24.0.0] AndroidManifest.xml:21:5-43
MERGED from [com.android.support:support-v4:24.0.0] AndroidManifest.xml:21:5-23:54
MERGED from [com.android.support:animated-vector-drawable:24.0.0] AndroidManifest.xml:20:5-44
MERGED from [com.android.support:support-vector-drawable:24.0.0] AndroidManifest.xml:21:5-43
MERGED from [com.android.support:support-v4:24.0.0] AndroidManifest.xml:21:5-23:54
MERGED from [treasurehunt.libraries:common:unspecified] AndroidManifest.xml:3:5-73
MERGED from [treasurehunt:openCVLibrary310:unspecified] AndroidManifest.xml:7:5-9:41
	tools:overrideLibrary
		ADDED from [com.android.support:appcompat-v7:24.0.0] AndroidManifest.xml:23:9-75
	android:targetSdkVersion
		ADDED from src/main/AndroidManifest.xml:8:40-69
		INJECTED from src/main/AndroidManifest.xml
		INJECTED from src/main/AndroidManifest.xml
	android:minSdkVersion
		ADDED from src/main/AndroidManifest.xml:8:13-39
		INJECTED from src/main/AndroidManifest.xml
		INJECTED from src/main/AndroidManifest.xml
uses-feature#0x00020000
ADDED from src/main/AndroidManifest.xml:9:3-76
	android:glEsVersion
		ADDED from src/main/AndroidManifest.xml:9:17-49
	android:required
		ADDED from src/main/AndroidManifest.xml:9:50-73
uses-permission#android.permission.VIBRATE
ADDED from src/main/AndroidManifest.xml:12:3-63
	android:name
		ADDED from src/main/AndroidManifest.xml:12:20-61
uses-permission#android.permission.READ_EXTERNAL_STORAGE
ADDED from src/main/AndroidManifest.xml:14:3-77
	android:name
		ADDED from src/main/AndroidManifest.xml:14:20-75
uses-permission#android.permission.NFC
ADDED from src/main/AndroidManifest.xml:16:3-59
	android:name
		ADDED from src/main/AndroidManifest.xml:16:20-57
uses-feature#android.hardware.sensor.accelerometer
ADDED from src/main/AndroidManifest.xml:19:3-95
	android:required
		ADDED from src/main/AndroidManifest.xml:19:70-93
	android:name
		ADDED from src/main/AndroidManifest.xml:19:17-69
uses-feature#android.hardware.sensor.gyroscope
ADDED from src/main/AndroidManifest.xml:20:3-91
	android:required
		ADDED from src/main/AndroidManifest.xml:20:66-89
	android:name
		ADDED from src/main/AndroidManifest.xml:20:17-65
uses-feature#android.software.vr.mode
ADDED from src/main/AndroidManifest.xml:23:3-83
	android:required
		ADDED from src/main/AndroidManifest.xml:23:57-81
	android:name
		ADDED from src/main/AndroidManifest.xml:23:17-56
uses-feature#android.hardware.vr.high_performance
ADDED from src/main/AndroidManifest.xml:25:3-95
	android:required
		ADDED from src/main/AndroidManifest.xml:25:69-93
	android:name
		ADDED from src/main/AndroidManifest.xml:25:17-68
application
ADDED from src/main/AndroidManifest.xml:27:3-61:17
MERGED from [com.android.support:appcompat-v7:24.0.0] AndroidManifest.xml:25:5-20
MERGED from [com.android.support:support-v4:24.0.0] AndroidManifest.xml:25:5-20
MERGED from [com.android.support:support-vector-drawable:24.0.0] AndroidManifest.xml:23:5-20
MERGED from [com.android.support:support-v4:24.0.0] AndroidManifest.xml:25:5-20
MERGED from [com.android.support:animated-vector-drawable:24.0.0] AndroidManifest.xml:22:5-20
MERGED from [com.android.support:support-vector-drawable:24.0.0] AndroidManifest.xml:23:5-20
MERGED from [com.android.support:support-v4:24.0.0] AndroidManifest.xml:25:5-20
	android:label
		ADDED from src/main/AndroidManifest.xml:29:7-39
	android:allowBackup
		ADDED from src/main/AndroidManifest.xml:28:7-33
	android:icon
		ADDED from src/main/AndroidManifest.xml:30:7-41
	android:theme
		ADDED from src/main/AndroidManifest.xml:31:7-38
activity#com.google.vr.ndk.samples.treasurehunt.MainActivity
ADDED from src/main/AndroidManifest.xml:32:5-60:16
	android:screenOrientation
		ADDED from src/main/AndroidManifest.xml:35:9-46
	android:enableVrMode
		ADDED from src/main/AndroidManifest.xml:37:9-61
	android:label
		ADDED from src/main/AndroidManifest.xml:34:9-41
	android:configChanges
		ADDED from src/main/AndroidManifest.xml:36:9-58
	android:name
		ADDED from src/main/AndroidManifest.xml:33:9-37
meta-data#com.google.android.vr.icon
ADDED from src/main/AndroidManifest.xml:41:7-42:57
	android:resource
		ADDED from src/main/AndroidManifest.xml:42:18-54
	android:name
		ADDED from src/main/AndroidManifest.xml:41:18-59
meta-data#com.google.android.vr.icon_background
ADDED from src/main/AndroidManifest.xml:43:7-44:68
	android:resource
		ADDED from src/main/AndroidManifest.xml:44:18-65
	android:name
		ADDED from src/main/AndroidManifest.xml:43:18-70
intent-filter#android.intent.action.MAIN+com.google.intent.category.DAYDREAM
ADDED from src/main/AndroidManifest.xml:48:7-51:23
action#android.intent.action.MAIN
ADDED from src/main/AndroidManifest.xml:49:11-63
	android:name
		ADDED from src/main/AndroidManifest.xml:49:19-60
category#com.google.intent.category.DAYDREAM
ADDED from src/main/AndroidManifest.xml:50:11-73
	android:name
		ADDED from src/main/AndroidManifest.xml:50:21-71
intent-filter#android.intent.action.MAIN+android.intent.category.LAUNCHER+com.google.intent.category.CARDBOARD
ADDED from src/main/AndroidManifest.xml:55:7-59:23
category#android.intent.category.LAUNCHER
ADDED from src/main/AndroidManifest.xml:57:9-69
	android:name
		ADDED from src/main/AndroidManifest.xml:57:19-66
category#com.google.intent.category.CARDBOARD
ADDED from src/main/AndroidManifest.xml:58:9-73
	android:name
		ADDED from src/main/AndroidManifest.xml:58:19-70